<?xml version="1.0" encoding="UTF-8"?>
<!DOCTYPE mapper PUBLIC "-//mybatis.org//DTD Mapper 3.0//EN" "http://mybatis.org/dtd/mybatis-3-mapper.dtd">

<mapper namespace="testMapper">


	<resultMap type="kh.study.academy.test.vo.TestVO"			id="test">
		<id column="TEST_CODE" 									property="testCode" />
		<result column="TEST_DATE" 								property="testDate" />
		<result column="SCORE" 									property="score" />
		
		<result column="SUBJECT_CODE" 							property="subjectCode" />
		<result column="STUDENT_CODE" 							property="studentCode" />
		
		<association property="subjectVO" 						resultMap="adminMapper.subject"/>
		
	</resultMap>

	
	

	
	<!-- 점수 등록 -->
	<insert id="regScore">
		 <selectKey resultType="String" keyProperty="testCode" order="BEFORE">
	         SELECT 'TEST_'||LPAD(NVL(MAX(TO_NUMBER(SUBSTR(TEST_CODE, 6))), 0) + 1, 3, 0) 
	         FROM TEST
	    </selectKey>

	INSERT INTO TEST (
		TEST_CODE
		, TEST_DATE
		, SCORE
		, SUBJECT_CODE
		, STUDENT_CODE
	) VALUES(
		#{testCode}
		, TO_DATE(#{testDate} , 'yyyy/mm/dd') 
		, #{score}
		, #{subjectCode}
		, #{studentCode}
	)
	</insert>

	<!-- 다음 TEST_CODE 조회 -->
	<select id="getNextTestCode" resultType="String">
	 SELECT 'TEST_'||LPAD(NVL(MAX(TO_NUMBER(SUBSTR(TEST_CODE, 6))), 0) + 1, 3, 0) 
     FROM TEST
	</select>
	
	<!-- db 인서트용 -->
	<insert id="regDbScore">

	INSERT INTO TEST (
		TEST_CODE
		, TEST_DATE
		, SCORE
		, SUBJECT_CODE
		, STUDENT_CODE
	) VALUES(
		#{testCode}
		, TO_DATE(#{testDate} , 'yyyy/mm/dd') 
		, #{score}
		, #{subjectCode}
		, #{studentCode}
	)
	</insert>
	
	
	
	
	<!-- 평가 관리 페이지에서 검색 조회 -->
	<!--수정필요// studentMapper 모든학생이 듣고 있는 수업 조회 참고 -->
	<select id="searchTest" resultMap="studentMapper.student"
		parameterType="hashMap">
		SELECT S.STUDENT_CODE
		    , STUDENT_NAME
		    , STUDENT_YEAR
		    , STUDENT_GENDER
		    , STUDENT_LESSON_CODE
		    , L.LESSON_INFO_CODE
		    , L.SUBJECT_CODE
		    , (SELECT SUBJECT_NAME
						FROM SUBJECT
						WHERE SUBJECT_CODE = L.SUBJECT_CODE) AS SUBJECT_NAME
		    , (SELECT STEP_NAME
						FROM STEP
						WHERE STEP_CODE = L.STEP_CODE) AS STEP_NAME
		    , YEAR
		    , L.TEACHER_CODE 
	        , TEACHER_NAME
		FROM LESSON_INFO L, STUDENT_LESSON_INFO SL , STUDENT S, TEACHER T
		WHERE L.LESSON_INFO_CODE = SL.LESSON_INFO_CODE
		AND S.STUDENT_CODE = SL.STUDENT_CODE
		AND STUDENT_STATUS = 'Y'
	    AND L.TEACHER_CODE = T.TEACHER_CODE
		<if test="studentName != null and !studentName.equals('')">
			AND STUDENT_NAME LIKE ('%'||#{studentName}||'%')
		</if>
		<if test="teacherName != null and !teacherName.equals('')">
			AND TEACHER_NAME LIKE ('%'||#{teacherName}||'%')
		</if>
		<if test="lessonInfoCode != null and !lessonInfoCode.equals('')">
			AND LESSON_INFO_CODE LIKE ('%'||#{lessonInfoCode}||'%')
		</if>
	<!-- 	<if test="stepCode != null and !stepCode.equals('')">
			AND STEP_CODE LIKE ('%'||#{stepCode}||'%')
		</if>
		<if test="year != null and !year.equals('')">
			AND YEAR LIKE ('%'||#{year}||'%')
		</if> -->
	</select>
	
	
	
	
	
	
	<!-- 점수 수정  -->
	<update id="updateScore">
		UPDATE TEST
		SET
		SCORE = #{score}
		WHERE TEST_CODE = #{testCode}
	</update>
	
	
	<!-- 점수 삭제 -->
	<delete id="deleteScore">
		DELETE TEST
		WHERE TEST_CODE = #{testCode}
	</delete>

	<!-- 조회 -->
	<select id="selectAllTest" resultMap="test">
		 SELECT TEST_CODE
			, SUBJECT_CODE
			, STUDENT_CODE
			, TEST_DATE
			, SCORE
		 FROM TEST
		 WHERE 1=1
		 <if test="subjectCode != null and !subjectCode.equals('')">
				AND SUBJECT_CODE = #{subjectCode}
		</if>
		<if test="studentCode != null and studentCode != 0">
			AND STUDENT_CODE = #{studentCode}
		</if>
		<if test="testDate != null and testDate != 0">
			AND TEST_DATE = #{testDate}
		</if>
		 
	</select>
	
	
	
	
	<!-- 이미 등록된 테스트가 있는지 조회 --> 
	<select id="checkDubleTest" resultMap="test">
		SELECT TEST_CODE
			, SUBJECT_CODE
			, STUDENT_CODE
			, TEST_DATE
			, SCORE
		FROM TEST
		WHERE SUBJECT_CODE = #{subjectCode}
		AND STUDENT_CODE = #{studentCode}
		AND TEST_DATE = TO_DATE(#{testDate} , 'yyyy/mm/dd') 
		
	</select>
	
	
	<!-- 수정을 위해 특정 학생, 과목으로 등록된 테스트 정보 모두 조회 -->
	<select id="testListForUpdate" resultMap="test">
		SELECT TEST_CODE
			, SUBJECT_CODE
			, STUDENT_CODE
			, TO_CHAR(TEST_DATE, 'MM-DD') AS TEST_DATE
			, SCORE
		FROM TEST
		WHERE SUBJECT_CODE = #{subjectCode}
		AND STUDENT_CODE = #{studentCode}
	
	</select>
	
	
	
</mapper>
























